[1017/164259.667:ERROR:process_info.cc(359)] UncheckedAllocate
[1017/164339.139:ERROR:process_info.cc(359)] UncheckedAllocate
[1017/164339.292:ERROR:process_reader_win.cc(182)] ResumeThread: Параметр задан неверно. (0x57)
[1017/164339.293:ERROR:process_reader_win.cc(151)] SuspendThread: Отказано в доступе. (0x5)
[1017/164339.293:ERROR:process_reader_win.cc(151)] SuspendThread: Отказано в доступе. (0x5)
[1017/164339.293:ERROR:process_reader_win.cc(151)] SuspendThread: Отказано в доступе. (0x5)
[1017/164339.389:ERROR:process_memory_win.cc(73)] ReadMemory at 0x1608d35f3f0 of 512 bytes failed: Запрос ReadProcessMemory или WriteProcessMemory был выполнен только частично. (0x12B)
[1017/164339.457:ERROR:process_reader_win.cc(182)] ResumeThread: Параметр задан неверно. (0x57)
[1017/164339.457:ERROR:process_reader_win.cc(151)] SuspendThread: Отказано в доступе. (0x5)
[1017/164339.457:ERROR:process_reader_win.cc(151)] SuspendThread: Отказано в доступе. (0x5)
[1017/164339.457:ERROR:process_reader_win.cc(151)] SuspendThread: Отказано в доступе. (0x5)
[1017/164339.457:ERROR:process_reader_win.cc(151)] SuspendThread: Отказано в доступе. (0x5)
[1017/164339.457:ERROR:process_reader_win.cc(151)] SuspendThread: Отказано в доступе. (0x5)
[1017/164339.457:ERROR:process_reader_win.cc(151)] SuspendThread: Отказано в доступе. (0x5)
[1017/164339.457:ERROR:process_reader_win.cc(151)] SuspendThread: Отказано в доступе. (0x5)
[1017/164339.524:ERROR:process_memory_win.cc(73)] ReadMemory at 0x7ff7bfb00000 of 64 bytes failed: Запрос ReadProcessMemory или WriteProcessMemory был выполнен только частично. (0x12B)
[1017/164339.525:WARNING:pe_image_reader.cc(340)] could not read dos header from C:\Program Files (x86)\Google\Chrome\Application\chrome.exe
[1017/164339.525:ERROR:process_memory_win.cc(73)] ReadMemory at 0x7ffec2b70000 of 64 bytes failed: Запрос ReadProcessMemory или WriteProcessMemory был выполнен только частично. (0x12B)
[1017/164339.525:WARNING:pe_image_reader.cc(340)] could not read dos header from C:\Windows\System32\KERNELBASE.dll
[1017/164339.525:ERROR:process_memory_win.cc(73)] ReadMemory at 0x7ffea7510000 of 64 bytes failed: Запрос ReadProcessMemory или WriteProcessMemory был выполнен только частично. (0x12B)
[1017/164339.525:WARNING:pe_image_reader.cc(340)] could not read dos header from C:\Program Files (x86)\Google\Chrome\Application\77.0.3865.120\chrome_elf.dll
[1017/164339.525:ERROR:process_memory_win.cc(73)] ReadMemory at 0x7ffeba0d0000 of 64 bytes failed: Запрос ReadProcessMemory или WriteProcessMemory был выполнен только частично. (0x12B)
[1017/164339.525:WARNING:pe_image_reader.cc(340)] could not read dos header from C:\Windows\SYSTEM32\VERSION.dll
[1017/164339.525:ERROR:process_memory_win.cc(73)] ReadMemory at 0x7ffec2f40000 of 64 bytes failed: Запрос ReadProcessMemory или WriteProcessMemory был выполнен только частично. (0x12B)
[1017/164339.525:WARNING:pe_image_reader.cc(340)] could not read dos header from C:\Windows\System32\bcryptPrimitives.dll
[1017/164339.525:ERROR:process_memory_win.cc(73)] ReadMemory at 0x7ffec53a0000 of 64 bytes failed: Запрос ReadProcessMemory или WriteProcessMemory был выполнен только частично. (0x12B)
[1017/164339.525:WARNING:pe_image_reader.cc(340)] could not read dos header from C:\Windows\System32\RPCRT4.dll
[1017/164339.525:ERROR:process_memory_win.cc(73)] ReadMemory at 0x7ffe71300000 of 64 bytes failed: Запрос ReadProcessMemory или WriteProcessMemory был выполнен только частично. (0x12B)
[1017/164339.525:WARNING:pe_image_reader.cc(340)] could not read dos header from C:\Program Files (x86)\Google\Chrome\Application\77.0.3865.120\chrome_child.dll
[1017/164339.525:ERROR:process_memory_win.cc(73)] ReadMemory at 0x7ffec2a70000 of 64 bytes failed: Запрос ReadProcessMemory или WriteProcessMemory был выполнен только частично. (0x12B)
[1017/164339.525:WARNING:pe_image_reader.cc(340)] could not read dos header from C:\Windows\System32\msvcp_win.dll
[1017/164339.525:ERROR:process_memory_win.cc(73)] ReadMemory at 0x7ffec2e40000 of 64 bytes failed: Запрос ReadProcessMemory или WriteProcessMemory был выполнен только частично. (0x12B)
[1017/164339.525:WARNING:pe_image_reader.cc(340)] could not read dos header from C:\Windows\System32\ucrtbase.dll
[1017/164339.525:ERROR:process_memory_win.cc(73)] ReadMemory at 0x7ffec5b40000 of 64 bytes failed: Запрос ReadProcessMemory или WriteProcessMemory был выполнен только частично. (0x12B)
[1017/164339.525:WARNING:pe_image_reader.cc(340)] could not read dos header from C:\Windows\System32\combase.dll
[1017/164339.525:ERROR:process_memory_win.cc(73)] ReadMemory at 0x7ffec67f0000 of 64 bytes failed: Запрос ReadProcessMemory или WriteProcessMemory был выполнен только частично. (0x12B)
[1017/164339.525:WARNING:pe_image_reader.cc(340)] could not read dos header from C:\Windows\System32\WS2_32.dll
[1017/164339.525:ERROR:process_memory_win.cc(73)] ReadMemory at 0x7ffec5f40000 of 64 bytes failed: Запрос ReadProcessMemory или WriteProcessMemory был выполнен только частично. (0x12B)
[1017/164339.525:WARNING:pe_image_reader.cc(340)] could not read dos header from C:\Windows\System32\GDI32.dll
[1017/164339.525:ERROR:process_memory_win.cc(73)] ReadMemory at 0x7ffec30e0000 of 64 bytes failed: Запрос ReadProcessMemory или WriteProcessMemory был выполнен только частично. (0x12B)
[1017/164339.525:WARNING:pe_image_reader.cc(340)] could not read dos header from C:\Windows\System32\gdi32full.dll
[1017/164339.525:ERROR:process_memory_win.cc(73)] ReadMemory at 0x7ffec6340000 of 64 bytes failed: Запрос ReadProcessMemory или WriteProcessMemory был выполнен только частично. (0x12B)
[1017/164339.525:WARNING:pe_image_reader.cc(340)] could not read dos header from C:\Windows\System32\USER32.dll
[1017/164339.525:ERROR:process_memory_win.cc(73)] ReadMemory at 0x7ffec3bb0000 of 64 bytes failed: Запрос ReadProcessMemory или WriteProcessMemory был выполнен только частично. (0x12B)
[1017/164339.525:WARNING:pe_image_reader.cc(340)] could not read dos header from C:\Windows\System32\win32u.dll
[1017/164339.525:ERROR:process_memory_win.cc(73)] ReadMemory at 0x7ffec2b10000 of 64 bytes failed: Запрос ReadProcessMemory или WriteProcessMemory был выполнен только частично. (0x12B)
[1017/164339.525:WARNING:pe_image_reader.cc(340)] could not read dos header from C:\Windows\System32\WINTRUST.dll
[1017/164339.525:ERROR:process_memory_win.cc(73)] ReadMemory at 0x7ffec2a00000 of 64 bytes failed: Запрос ReadProcessMemory или WriteProcessMemory был выполнен только частично. (0x12B)
[1017/164339.525:WARNING:pe_image_reader.cc(340)] could not read dos header from C:\Windows\System32\MSASN1.dll
[1017/164339.525:ERROR:process_memory_win.cc(73)] ReadMemory at 0x7ffec39d0000 of 64 bytes failed: Запрос ReadProcessMemory или WriteProcessMemory был выполнен только частично. (0x12B)
[1017/164339.525:WARNING:pe_image_reader.cc(340)] could not read dos header from C:\Windows\System32\CRYPT32.dll
[1017/164339.525:ERROR:process_memory_win.cc(73)] ReadMemory at 0x7ffec1f10000 of 64 bytes failed: Запрос ReadProcessMemory или WriteProcessMemory был выполнен только частично. (0x12B)
[1017/164339.525:WARNING:pe_image_reader.cc(340)] could not read dos header from C:\Windows\SYSTEM32\IPHLPAPI.DLL
[1017/164339.525:ERROR:process_memory_win.cc(73)] ReadMemory at 0x7ffec0b20000 of 64 bytes failed: Запрос ReadProcessMemory или WriteProcessMemory был выполнен только частично. (0x12B)
[1017/164339.525:WARNING:pe_image_reader.cc(340)] could not read dos header from C:\Windows\SYSTEM32\WINMM.dll
[1017/164339.525:ERROR:process_memory_win.cc(73)] ReadMemory at 0x7ffec28a0000 of 64 bytes failed: Запрос ReadProcessMemory или WriteProcessMemory был выполнен только частично. (0x12B)
[1017/164339.525:WARNING:pe_image_reader.cc(340)] could not read dos header from C:\Windows\SYSTEM32\USERENV.dll
[1017/164339.525:ERROR:process_memory_win.cc(73)] ReadMemory at 0x7ffec2a20000 of 64 bytes failed: Запрос ReadProcessMemory или WriteProcessMemory был выполнен только частично. (0x12B)
[1017/164339.526:WARNING:pe_image_reader.cc(340)] could not read dos header from C:\Windows\System32\profapi.dll
[1017/164339.526:ERROR:process_memory_win.cc(73)] ReadMemory at 0x7ffeac220000 of 64 bytes failed: Запрос ReadProcessMemory или WriteProcessMemory был выполнен только частично. (0x12B)
[1017/164339.526:WARNING:pe_image_reader.cc(340)] could not read dos header from C:\Windows\SYSTEM32\DWrite.dll
[1017/164339.526:ERROR:process_memory_win.cc(73)] ReadMemory at 0x7ffea33c0000 of 64 bytes failed: Запрос ReadProcessMemory или WriteProcessMemory был выполнен только частично. (0x12B)
[1017/164339.526:WARNING:pe_image_reader.cc(340)] could not read dos header from C:\Windows\SYSTEM32\WINSPOOL.DRV
[1017/164339.526:ERROR:process_memory_win.cc(73)] ReadMemory at 0x7ffec2a50000 of 64 bytes failed: Запрос ReadProcessMemory или WriteProcessMemory был выполнен только частично. (0x12B)
[1017/164339.526:WARNING:pe_image_reader.cc(340)] could not read dos header from C:\Windows\System32\kernel.appcore.dll
[1017/164339.526:ERROR:process_memory_win.cc(73)] ReadMemory at 0x7ffec2e10000 of 64 bytes failed: Запрос ReadProcessMemory или WriteProcessMemory был выполнен только частично. (0x12B)
[1017/164339.526:WARNING:pe_image_reader.cc(340)] could not read dos header from C:\Windows\System32\bcrypt.dll
[1017/164339.526:ERROR:process_memory_win.cc(73)] ReadMemory at 0x7ffeb7ec0000 of 64 bytes failed: Запрос ReadProcessMemory или WriteProcessMemory был выполнен только частично. (0x12B)
[1017/164339.526:WARNING:pe_image_reader.cc(340)] could not read dos header from C:\Windows\SYSTEM32\dbghelp.dll
[1017/164339.526:ERROR:process_memory_win.cc(73)] ReadMemory at 0x7ffeb7750000 of 64 bytes failed: Запрос ReadProcessMemory или WriteProcessMemory был выполнен только частично. (0x12B)
[1017/164339.526:WARNING:pe_image_reader.cc(340)] could not read dos header from C:\Windows\SYSTEM32\WINHTTP.dll
[1017/164339.526:ERROR:process_memory_win.cc(73)] ReadMemory at 0x7ffeb7070000 of 64 bytes failed: Запрос ReadProcessMemory или WriteProcessMemory был выполнен только частично. (0x12B)
[1017/164339.526:WARNING:pe_image_reader.cc(340)] could not read dos header from C:\Windows\SYSTEM32\Secur32.dll
[1017/164339.526:ERROR:process_memory_win.cc(73)] ReadMemory at 0x7ffeb8120000 of 64 bytes failed: Запрос ReadProcessMemory или WriteProcessMemory был выполнен только частично. (0x12B)
[1017/164339.526:WARNING:pe_image_reader.cc(340)] could not read dos header from C:\Windows\SYSTEM32\dhcpcsvc.DLL
[1017/164339.526:ERROR:process_memory_win.cc(73)] ReadMemory at 0x7ffec5950000 of 64 bytes failed: Запрос ReadProcessMemory или WriteProcessMemory был выполнен только частично. (0x12B)
[1017/164339.526:WARNING:pe_image_reader.cc(340)] could not read dos header from C:\Windows\System32\NSI.dll
[1017/164339.526:ERROR:process_memory_win.cc(73)] ReadMemory at 0x7ffec0690000 of 64 bytes failed: Запрос ReadProcessMemory или WriteProcessMemory был выполнен только частично. (0x12B)
[1017/164339.526:WARNING:pe_image_reader.cc(340)] could not read dos header from C:\Windows\SYSTEM32\WINMMBASE.dll
[1017/164339.526:ERROR:process_memory_win.cc(73)] ReadMemory at 0x7ffec3090000 of 64 bytes failed: Запрос ReadProcessMemory или WriteProcessMemory был выполнен только частично. (0x12B)
[1017/164339.526:WARNING:pe_image_reader.cc(340)] could not read dos header from C:\Windows\System32\cfgmgr32.dll
[1017/164339.526:ERROR:process_memory_win.cc(73)] ReadMemory at 0x7ffebf3d0000 of 64 bytes failed: Запрос ReadProcessMemory или WriteProcessMemory был выполнен только частично. (0x12B)
[1017/164339.526:WARNING:pe_image_reader.cc(340)] could not read dos header from C:\Windows\SYSTEM32\PROPSYS.dll
[1017/164339.526:ERROR:process_memory_win.cc(73)] ReadMemory at 0x7ffec5960000 of 64 bytes failed: Запрос ReadProcessMemory или WriteProcessMemory был выполнен только частично. (0x12B)
[1017/164339.526:WARNING:pe_image_reader.cc(340)] could not read dos header from C:\Windows\System32\shcore.dll
[1017/164339.526:ERROR:process_memory_win.cc(73)] ReadMemory at 0x7ffec28d0000 of 64 bytes failed: Запрос ReadProcessMemory или WriteProcessMemory был выполнен только частично. (0x12B)
[1017/164339.526:WARNING:pe_image_reader.cc(340)] could not read dos header from C:\Windows\SYSTEM32\SSPICLI.DLL
[1017/164339.526:ERROR:process_memory_win.cc(73)] ReadMemory at 0x7ffec5f10000 of 64 bytes failed: Запрос ReadProcessMemory или WriteProcessMemory был выполнен только частично. (0x12B)
[1017/164339.526:WARNING:pe_image_reader.cc(340)] could not read dos header from C:\Windows\System32\IMM32.DLL
[1017/164339.526:ERROR:process_memory_win.cc(73)] ReadMemory at 0x7ffec6000000 of 64 bytes failed: Запрос ReadProcessMemory или WriteProcessMemory был выполнен только частично. (0x12B)
[1017/164339.526:WARNING:pe_image_reader.cc(340)] could not read dos header from C:\Windows\System32\ole32.dll
[1017/164339.526:ERROR:process_memory_win.cc(73)] ReadMemory at 0x7ffec3c30000 of 64 bytes failed: Запрос ReadProcessMemory или WriteProcessMemory был выполнен только частично. (0x12B)
[1017/164339.526:WARNING:pe_image_reader.cc(340)] could not read dos header from C:\Windows\System32\SHELL32.dll
[1017/164339.526:ERROR:process_memory_win.cc(73)] ReadMemory at 0x7ffec3280000 of 64 bytes failed: Запрос ReadProcessMemory или WriteProcessMemory был выполнен только частично. (0x12B)
[1017/164339.526:WARNING:pe_image_reader.cc(340)] could not read dos header from C:\Windows\System32\windows.storage.dll
[1017/164339.526:ERROR:process_memory_win.cc(73)] ReadMemory at 0x7ffec29a0000 of 64 bytes failed: Запрос ReadProcessMemory или WriteProcessMemory был выполнен только частично. (0x12B)
[1017/164339.526:WARNING:pe_image_reader.cc(340)] could not read dos header from C:\Windows\System32\powrprof.dll
[1017/164339.526:ERROR:process_memory_win.cc(73)] ReadMemory at 0x7ffec62e0000 of 64 bytes failed: Запрос ReadProcessMemory или WriteProcessMemory был выполнен только частично. (0x12B)
[1017/164339.526:WARNING:pe_image_reader.cc(340)] could not read dos header from C:\Windows\System32\shlwapi.dll
[1017/164339.526:ERROR:process_memory_win.cc(73)] ReadMemory at 0x7ffec3070000 of 64 bytes failed: Запрос ReadProcessMemory или WriteProcessMemory был выполнен только частично. (0x12B)
[1017/164339.526:WARNING:pe_image_reader.cc(340)] could not read dos header from C:\Windows\System32\cryptsp.dll
[1017/164339.526:ERROR:process_memory_win.cc(73)] ReadMemory at 0x7ffec23e0000 of 64 bytes failed: Запрос ReadProcessMemory или WriteProcessMemory был выполнен только частично. (0x12B)
[1017/164339.526:WARNING:pe_image_reader.cc(340)] could not read dos header from C:\Windows\SYSTEM32\CRYPTBASE.DLL
[1017/164339.526:ERROR:process_memory_win.cc(73)] ReadMemory at 0x7ff7bfb00000 of 64 bytes failed: Запрос ReadProcessMemory или WriteProcessMemory был выполнен только частично. (0x12B)
[1017/164339.527:WARNING:pe_image_reader.cc(340)] could not read dos header from C:\Program Files (x86)\Google\Chrome\Application\chrome.exe
[1017/164339.527:ERROR:process_memory_win.cc(73)] ReadMemory at 0x7ffec69a0000 of 64 bytes failed: Запрос ReadProcessMemory или WriteProcessMemory был выполнен только частично. (0x12B)
[1017/164339.527:WARNING:pe_image_reader.cc(340)] could not read dos header from C:\Windows\SYSTEM32\ntdll.dll
[1017/164339.527:ERROR:process_memory_win.cc(73)] ReadMemory at 0x7ffec64e0000 of 64 bytes failed: Запрос ReadProcessMemory или WriteProcessMemory был выполнен только частично. (0x12B)
[1017/164339.527:WARNING:pe_image_reader.cc(340)] could not read dos header from C:\Windows\System32\KERNEL32.dll
[1017/164339.527:ERROR:process_memory_win.cc(73)] ReadMemory at 0x7ffec2b70000 of 64 bytes failed: Запрос ReadProcessMemory или WriteProcessMemory был выполнен только частично. (0x12B)
[1017/164339.527:WARNING:pe_image_reader.cc(340)] could not read dos header from C:\Windows\System32\KERNELBASE.dll
[1017/164339.527:ERROR:process_memory_win.cc(73)] ReadMemory at 0x7ffea7510000 of 64 bytes failed: Запрос ReadProcessMemory или WriteProcessMemory был выполнен только частично. (0x12B)
[1017/164339.527:WARNING:pe_image_reader.cc(340)] could not read dos header from C:\Program Files (x86)\Google\Chrome\Application\77.0.3865.120\chrome_elf.dll
[1017/164339.527:ERROR:process_memory_win.cc(73)] ReadMemory at 0x7ffeba0d0000 of 64 bytes failed: Запрос ReadProcessMemory или WriteProcessMemory был выполнен только частично. (0x12B)
[1017/164339.527:WARNING:pe_image_reader.cc(340)] could not read dos header from C:\Windows\SYSTEM32\VERSION.dll
[1017/164339.527:ERROR:process_memory_win.cc(73)] ReadMemory at 0x7ffec5300000 of 64 bytes failed: Запрос ReadProcessMemory или WriteProcessMemory был выполнен только частично. (0x12B)
[1017/164339.527:WARNING:pe_image_reader.cc(340)] could not read dos header from C:\Windows\System32\msvcrt.dll
[1017/164339.527:ERROR:process_memory_win.cc(73)] ReadMemory at 0x7ffec2f40000 of 64 bytes failed: Запрос ReadProcessMemory или WriteProcessMemory был выполнен только частично. (0x12B)
[1017/164339.527:WARNING:pe_image_reader.cc(340)] could not read dos header from C:\Windows\System32\bcryptPrimitives.dll
[1017/164339.527:ERROR:process_memory_win.cc(73)] ReadMemory at 0x7ffec68c0000 of 64 bytes failed: Запрос ReadProcessMemory или WriteProcessMemory был выполнен только частично. (0x12B)
[1017/164339.527:WARNING:pe_image_reader.cc(340)] could not read dos header from C:\Windows\System32\ADVAPI32.dll
[1017/164339.527:ERROR:process_memory_win.cc(73)] ReadMemory at 0x7ffec5e70000 of 64 bytes failed: Запрос ReadProcessMemory или WriteProcessMemory был выполнен только частично. (0x12B)
[1017/164339.527:WARNING:pe_image_reader.cc(340)] could not read dos header from C:\Windows\System32\sechost.dll
[1017/164339.527:ERROR:process_memory_win.cc(73)] ReadMemory at 0x7ffec53a0000 of 64 bytes failed: Запрос ReadProcessMemory или WriteProcessMemory был выполнен только частично. (0x12B)
[1017/164339.527:WARNING:pe_image_reader.cc(340)] could not read dos header from C:\Windows\System32\RPCRT4.dll
[1017/164339.527:ERROR:process_memory_win.cc(73)] ReadMemory at 0x7ffe71300000 of 64 bytes failed: Запрос ReadProcessMemory или WriteProcessMemory был выполнен только частично. (0x12B)
[1017/164339.527:WARNING:pe_image_reader.cc(340)] could not read dos header from C:\Program Files (x86)\Google\Chrome\Application\77.0.3865.120\chrome_child.dll
[1017/164339.527:ERROR:process_memory_win.cc(73)] ReadMemory at 0x7ffec6160000 of 64 bytes failed: Запрос ReadProcessMemory или WriteProcessMemory был выполнен только частично. (0x12B)
[1017/164339.527:WARNING:pe_image_reader.cc(340)] could not read dos header from C:\Windows\System32\OLEAUT32.dll
[1017/164339.527:ERROR:process_memory_win.cc(73)] ReadMemory at 0x7ffec2a70000 of 64 bytes failed: Запрос ReadProcessMemory или WriteProcessMemory был выполнен только частично. (0x12B)
[1017/164339.527:WARNING:pe_image_reader.cc(340)] could not read dos header from C:\Windows\System32\msvcp_win.dll
[1017/164339.527:ERROR:process_memory_win.cc(73)] ReadMemory at 0x7ffec2e40000 of 64 bytes failed: Запрос ReadProcessMemory или WriteProcessMemory был выполнен только частично. (0x12B)
[1017/164339.527:WARNING:pe_image_reader.cc(340)] could not read dos header from C:\Windows\System32\ucrtbase.dll
[1017/164339.527:ERROR:process_memory_win.cc(73)] ReadMemory at 0x7ffec5b40000 of 64 bytes failed: Запрос ReadProcessMemory или WriteProcessMemory был выполнен только частично. (0x12B)
[1017/164339.527:WARNING:pe_image_reader.cc(340)] could not read dos header from C:\Windows\System32\combase.dll
[1017/164339.527:ERROR:process_memory_win.cc(73)] ReadMemory at 0x7ffec67f0000 of 64 bytes failed: Запрос ReadProcessMemory или WriteProcessMemory был выполнен только частично. (0x12B)
[1017/164339.527:WARNING:pe_image_reader.cc(340)] could not read dos header from C:\Windows\System32\WS2_32.dll
[1017/164339.527:ERROR:process_memory_win.cc(73)] ReadMemory at 0x7ffec5f40000 of 64 bytes failed: Запрос ReadProcessMemory или WriteProcessMemory был выполнен только частично. (0x12B)
[1017/164339.528:WARNING:pe_image_reader.cc(340)] could not read dos header from C:\Windows\System32\GDI32.dll
[1017/164339.528:ERROR:process_memory_win.cc(73)] ReadMemory at 0x7ffec30e0000 of 64 bytes failed: Запрос ReadProcessMemory или WriteProcessMemory был выполнен только частично. (0x12B)
[1017/164339.528:WARNING:pe_image_reader.cc(340)] could not read dos header from C:\Windows\System32\gdi32full.dll
[1017/164339.528:ERROR:process_memory_win.cc(73)] ReadMemory at 0x7ffec6340000 of 64 bytes failed: Запрос ReadProcessMemory или WriteProcessMemory был выполнен только частично. (0x12B)
[1017/164339.528:WARNING:pe_image_reader.cc(340)] could not read dos header from C:\Windows\System32\USER32.dll
[1017/164339.528:ERROR:process_memory_win.cc(73)] ReadMemory at 0x7ffec3bb0000 of 64 bytes failed: Запрос ReadProcessMemory или WriteProcessMemory был выполнен только частично. (0x12B)
[1017/164339.528:WARNING:pe_image_reader.cc(340)] could not read dos header from C:\Windows\System32\win32u.dll
[1017/164339.528:ERROR:process_memory_win.cc(73)] ReadMemory at 0x7ffec2b10000 of 64 bytes failed: Запрос ReadProcessMemory или WriteProcessMemory был выполнен только частично. (0x12B)
[1017/164339.528:WARNING:pe_image_reader.cc(340)] could not read dos header from C:\Windows\System32\WINTRUST.dll
[1017/164339.528:ERROR:process_memory_win.cc(73)] ReadMemory at 0x7ffec2a00000 of 64 bytes failed: Запрос ReadProcessMemory или WriteProcessMemory был выполнен только частично. (0x12B)
[1017/164339.528:WARNING:pe_image_reader.cc(340)] could not read dos header from C:\Windows\System32\MSASN1.dll
[1017/164339.528:ERROR:process_memory_win.cc(73)] ReadMemory at 0x7ffec39d0000 of 64 bytes failed: Запрос ReadProcessMemory или WriteProcessMemory был выполнен только частично. (0x12B)
[1017/164339.528:WARNING:pe_image_reader.cc(340)] could not read dos header from C:\Windows\System32\CRYPT32.dll
[1017/164339.528:ERROR:process_memory_win.cc(73)] ReadMemory at 0x7ffec1f10000 of 64 bytes failed: Запрос ReadProcessMemory или WriteProcessMemory был выполнен только частично. (0x12B)
[1017/164339.528:WARNING:pe_image_reader.cc(340)] could not read dos header from C:\Windows\SYSTEM32\IPHLPAPI.DLL
[1017/164339.528:ERROR:process_memory_win.cc(73)] ReadMemory at 0x7ffec0b20000 of 64 bytes failed: Запрос ReadProcessMemory или WriteProcessMemory был выполнен только частично. (0x12B)
[1017/164339.528:WARNING:pe_image_reader.cc(340)] could not read dos header from C:\Windows\SYSTEM32\WINMM.dll
[1017/164339.528:ERROR:process_memory_win.cc(73)] ReadMemory at 0x7ffec28a0000 of 64 bytes failed: Запрос ReadProcessMemory или WriteProcessMemory был выполнен только частично. (0x12B)
[1017/164339.528:WARNING:pe_image_reader.cc(340)] could not read dos header from C:\Windows\SYSTEM32\USERENV.dll
[1017/164339.528:ERROR:process_memory_win.cc(73)] ReadMemory at 0x7ffec2a20000 of 64 bytes failed: Запрос ReadProcessMemory или WriteProcessMemory был выполнен только частично. (0x12B)
[1017/164339.528:WARNING:pe_image_reader.cc(340)] could not read dos header from C:\Windows\System32\profapi.dll
[1017/164339.528:ERROR:process_memory_win.cc(73)] ReadMemory at 0x7ffeac220000 of 64 bytes failed: Запрос ReadProcessMemory или WriteProcessMemory был выполнен только частично. (0x12B)
[1017/164339.528:WARNING:pe_image_reader.cc(340)] could not read dos header from C:\Windows\SYSTEM32\DWrite.dll
[1017/164339.528:ERROR:process_memory_win.cc(73)] ReadMemory at 0x7ffea33c0000 of 64 bytes failed: Запрос ReadProcessMemory или WriteProcessMemory был выполнен только частично. (0x12B)
[1017/164339.528:WARNING:pe_image_reader.cc(340)] could not read dos header from C:\Windows\SYSTEM32\WINSPOOL.DRV
[1017/164339.528:ERROR:process_memory_win.cc(73)] ReadMemory at 0x7ffec2a50000 of 64 bytes failed: Запрос ReadProcessMemory или WriteProcessMemory был выполнен только частично. (0x12B)
[1017/164339.528:WARNING:pe_image_reader.cc(340)] could not read dos header from C:\Windows\System32\kernel.appcore.dll
[1017/164339.528:ERROR:process_memory_win.cc(73)] ReadMemory at 0x7ffec2e10000 of 64 bytes failed: Запрос ReadProcessMemory или WriteProcessMemory был выполнен только частично. (0x12B)
[1017/164339.528:WARNING:pe_image_reader.cc(340)] could not read dos header from C:\Windows\System32\bcrypt.dll
[1017/164339.528:ERROR:process_memory_win.cc(73)] ReadMemory at 0x7ffeb7ec0000 of 64 bytes failed: Запрос ReadProcessMemory или WriteProcessMemory был выполнен только частично. (0x12B)
[1017/164339.528:WARNING:pe_image_reader.cc(340)] could not read dos header from C:\Windows\SYSTEM32\dbghelp.dll
[1017/164339.528:ERROR:process_memory_win.cc(73)] ReadMemory at 0x7ffeb7750000 of 64 bytes failed: Запрос ReadProcessMemory или WriteProcessMemory был выполнен только частично. (0x12B)
[1017/164339.528:WARNING:pe_image_reader.cc(340)] could not read dos header from C:\Windows\SYSTEM32\WINHTTP.dll
[1017/164339.528:ERROR:process_memory_win.cc(73)] ReadMemory at 0x7ffeb7070000 of 64 bytes failed: Запрос ReadProcessMemory или WriteProcessMemory был выполнен только частично. (0x12B)
[1017/164339.528:WARNING:pe_image_reader.cc(340)] could not read dos header from C:\Windows\SYSTEM32\Secur32.dll
[1017/164339.528:ERROR:process_memory_win.cc(73)] ReadMemory at 0x7ffeb8120000 of 64 bytes failed: Запрос ReadProcessMemory или WriteProcessMemory был выполнен только частично. (0x12B)
[1017/164339.528:WARNING:pe_image_reader.cc(340)] could not read dos header from C:\Windows\SYSTEM32\dhcpcsvc.DLL
[1017/164339.528:ERROR:process_memory_win.cc(73)] ReadMemory at 0x7ffec5950000 of 64 bytes failed: Запрос ReadProcessMemory или WriteProcessMemory был выполнен только частично. (0x12B)
[1017/164339.528:WARNING:pe_image_reader.cc(340)] could not read dos header from C:\Windows\System32\NSI.dll
[1017/164339.528:ERROR:process_memory_win.cc(73)] ReadMemory at 0x7ffec0690000 of 64 bytes failed: Запрос ReadProcessMemory или WriteProcessMemory был выполнен только частично. (0x12B)
[1017/164339.528:WARNING:pe_image_reader.cc(340)] could not read dos header from C:\Windows\SYSTEM32\WINMMBASE.dll
[1017/164339.528:ERROR:process_memory_win.cc(73)] ReadMemory at 0x7ffec3090000 of 64 bytes failed: Запрос ReadProcessMemory или WriteProcessMemory был выполнен только частично. (0x12B)
[1017/164339.528:WARNING:pe_image_reader.cc(340)] could not read dos header from C:\Windows\System32\cfgmgr32.dll
[1017/164339.528:ERROR:process_memory_win.cc(73)] ReadMemory at 0x7ffebf3d0000 of 64 bytes failed: Запрос ReadProcessMemory или WriteProcessMemory был выполнен только частично. (0x12B)
[1017/164339.528:WARNING:pe_image_reader.cc(340)] could not read dos header from C:\Windows\SYSTEM32\PROPSYS.dll
[1017/164339.528:ERROR:process_memory_win.cc(73)] ReadMemory at 0x7ffec5960000 of 64 bytes failed: Запрос ReadProcessMemory или WriteProcessMemory был выполнен только частично. (0x12B)
[1017/164339.528:WARNING:pe_image_reader.cc(340)] could not read dos header from C:\Windows\System32\shcore.dll
[1017/164339.528:ERROR:process_memory_win.cc(73)] ReadMemory at 0x7ffec28d0000 of 64 bytes failed: Запрос ReadProcessMemory или WriteProcessMemory был выполнен только частично. (0x12B)
[1017/164339.528:WARNING:pe_image_reader.cc(340)] could not read dos header from C:\Windows\SYSTEM32\SSPICLI.DLL
[1017/164339.529:ERROR:process_memory_win.cc(73)] ReadMemory at 0x7ffec5f10000 of 64 bytes failed: Запрос ReadProcessMemory или WriteProcessMemory был выполнен только частично. (0x12B)
[1017/164339.529:WARNING:pe_image_reader.cc(340)] could not read dos header from C:\Windows\System32\IMM32.DLL
[1017/164339.529:ERROR:process_memory_win.cc(73)] ReadMemory at 0x7ffec6000000 of 64 bytes failed: Запрос ReadProcessMemory или WriteProcessMemory был выполнен только частично. (0x12B)
[1017/164339.529:WARNING:pe_image_reader.cc(340)] could not read dos header from C:\Windows\System32\ole32.dll
[1017/164339.529:ERROR:process_memory_win.cc(73)] ReadMemory at 0x7ffec3c30000 of 64 bytes failed: Запрос ReadProcessMemory или WriteProcessMemory был выполнен только частично. (0x12B)
[1017/164339.529:WARNING:pe_image_reader.cc(340)] could not read dos header from C:\Windows\System32\SHELL32.dll
[1017/164339.529:ERROR:process_memory_win.cc(73)] ReadMemory at 0x7ffec3280000 of 64 bytes failed: Запрос ReadProcessMemory или WriteProcessMemory был выполнен только частично. (0x12B)
[1017/164339.529:WARNING:pe_image_reader.cc(340)] could not read dos header from C:\Windows\System32\windows.storage.dll
[1017/164339.529:ERROR:process_memory_win.cc(73)] ReadMemory at 0x7ffec29a0000 of 64 bytes failed: Запрос ReadProcessMemory или WriteProcessMemory был выполнен только частично. (0x12B)
[1017/164339.529:WARNING:pe_image_reader.cc(340)] could not read dos header from C:\Windows\System32\powrprof.dll
[1017/164339.529:ERROR:process_memory_win.cc(73)] ReadMemory at 0x7ffec62e0000 of 64 bytes failed: Запрос ReadProcessMemory или WriteProcessMemory был выполнен только частично. (0x12B)
[1017/164339.529:WARNING:pe_image_reader.cc(340)] could not read dos header from C:\Windows\System32\shlwapi.dll
[1017/164339.529:ERROR:process_memory_win.cc(73)] ReadMemory at 0x7ffec3070000 of 64 bytes failed: Запрос ReadProcessMemory или WriteProcessMemory был выполнен только частично. (0x12B)
[1017/164339.529:WARNING:pe_image_reader.cc(340)] could not read dos header from C:\Windows\System32\cryptsp.dll
[1017/164339.529:ERROR:process_memory_win.cc(73)] ReadMemory at 0x7ffec23e0000 of 64 bytes failed: Запрос ReadProcessMemory или WriteProcessMemory был выполнен только частично. (0x12B)
[1017/164339.529:WARNING:pe_image_reader.cc(340)] could not read dos header from C:\Windows\SYSTEM32\CRYPTBASE.DLL
[1017/164339.535:ERROR:process_memory_win.cc(73)] ReadMemory at 0x43ec1ed000 of 77824 bytes failed: Запрос ReadProcessMemory или WriteProcessMemory был выполнен только частично. (0x12B)
[1017/164339.535:ERROR:process_memory_win.cc(73)] ReadMemory at 0x43ec9fd000 of 12288 bytes failed: Запрос ReadProcessMemory или WriteProcessMemory был выполнен только частично. (0x12B)
[1017/164339.535:ERROR:process_memory_win.cc(73)] ReadMemory at 0x43ed1fd000 of 12288 bytes failed: Запрос ReadProcessMemory или WriteProcessMemory был выполнен только частично. (0x12B)
[1017/164339.535:ERROR:process_memory_win.cc(73)] ReadMemory at 0x43eb9c9000 of 852 bytes failed: Запрос ReadProcessMemory или WriteProcessMemory был выполнен только частично. (0x12B)
[1017/164339.536:ERROR:process_memory_win.cc(73)] ReadMemory at 0x43eb9ca000 of 6024 bytes failed: Запрос ReadProcessMemory или WriteProcessMemory был выполнен только частично. (0x12B)
[1017/164339.536:ERROR:process_memory_win.cc(73)] ReadMemory at 0x43eb9cc000 of 6024 bytes failed: Запрос ReadProcessMemory или WriteProcessMemory был выполнен только частично. (0x12B)
[1017/164339.536:ERROR:process_memory_win.cc(73)] ReadMemory at 0x43eb9ce000 of 6024 bytes failed: Запрос ReadProcessMemory или WriteProcessMemory был выполнен только частично. (0x12B)
[1017/164339.536:ERROR:process_memory_win.cc(73)] ReadMemory at 0x17e00000000 of 384 bytes failed: Запрос ReadProcessMemory или WriteProcessMemory был выполнен только частично. (0x12B)
[1017/164339.536:ERROR:process_memory_win.cc(73)] ReadMemory at 0x17e00200c40 of 512 bytes failed: Запрос ReadProcessMemory или WriteProcessMemory был выполнен только частично. (0x12B)
[1017/164339.536:ERROR:process_memory_win.cc(73)] ReadMemory at 0x17e0025d8d0 of 512 bytes failed: Запрос ReadProcessMemory или WriteProcessMemory был выполнен только частично. (0x12B)
[1017/164339.536:ERROR:process_memory_win.cc(73)] ReadMemory at 0x17e002713b8 of 512 bytes failed: Запрос ReadProcessMemory или WriteProcessMemory был выполнен только частично. (0x12B)
[1017/164339.536:ERROR:process_memory_win.cc(73)] ReadMemory at 0x17e00275bb0 of 512 bytes failed: Запрос ReadProcessMemory или WriteProcessMemory был выполнен только частично. (0x12B)
[1017/164339.536:ERROR:process_memory_win.cc(73)] ReadMemory at 0x17e022d27e0 of 512 bytes failed: Запрос ReadProcessMemory или WriteProcessMemory был выполнен только частично. (0x12B)
[1017/164339.536:ERROR:process_memory_win.cc(73)] ReadMemory at 0x17e022e8010 of 512 bytes failed: Запрос ReadProcessMemory или WriteProcessMemory был выполнен только частично. (0x12B)
[1017/164339.536:ERROR:process_memory_win.cc(73)] ReadMemory at 0x17e7fd60fe0 of 5298 bytes failed: Запрос ReadProcessMemory или WriteProcessMemory был выполнен только частично. (0x12B)
[1017/164339.536:ERROR:process_memory_win.cc(73)] ReadMemory at 0x17e7fd624a0 of 1012 bytes failed: Запрос ReadProcessMemory или WriteProcessMemory был выполнен только частично. (0x12B)
[1017/164339.536:ERROR:process_memory_win.cc(73)] ReadMemory at 0x17e7fd62ac8 of 118 bytes failed: Запрос ReadProcessMemory или WriteProcessMemory был выполнен только частично. (0x12B)
[1017/164339.536:ERROR:process_memory_win.cc(73)] ReadMemory at 0x17e7fd62b40 of 1306 bytes failed: Запрос ReadProcessMemory или WriteProcessMemory был выполнен только частично. (0x12B)
[1017/164339.536:ERROR:process_memory_win.cc(73)] ReadMemory at 0x17e7fd6305c of 118 bytes failed: Запрос ReadProcessMemory или WriteProcessMemory был выполнен только частично. (0x12B)
[1017/164339.536:ERROR:process_memory_win.cc(73)] ReadMemory at 0x17e7fd630d4 of 96 bytes failed: Запрос ReadProcessMemory или WriteProcessMemory был выполнен только частично. (0x12B)
[1017/164339.536:ERROR:process_memory_win.cc(73)] ReadMemory at 0x17e7fd63140 of 58 bytes failed: Запрос ReadProcessMemory или WriteProcessMemory был выполнен только частично. (0x12B)
[1017/164339.537:ERROR:process_memory_win.cc(73)] ReadMemory at 0x17e7fd63240 of 132 bytes failed: Запрос ReadProcessMemory или WriteProcessMemory был выполнен только частично. (0x12B)
[1017/164339.537:ERROR:process_memory_win.cc(73)] ReadMemory at 0x17e7fd633d0 of 132 bytes failed: Запрос ReadProcessMemory или WriteProcessMemory был выполнен только частично. (0x12B)
[1017/164339.537:ERROR:process_memory_win.cc(73)] ReadMemory at 0x17e7fd63590 of 126 bytes failed: Запрос ReadProcessMemory или WriteProcessMemory был выполнен только частично. (0x12B)
[1017/164339.537:ERROR:process_memory_win.cc(73)] ReadMemory at 0x17e7fd63880 of 132 bytes failed: Запрос ReadProcessMemory или WriteProcessMemory был выполнен только частично. (0x12B)
[1017/164339.537:ERROR:process_memory_win.cc(73)] ReadMemory at 0x17e7fd64170 of 132 bytes failed: Запрос ReadProcessMemory или WriteProcessMemory был выполнен только частично. (0x12B)
[1017/164339.537:ERROR:process_memory_win.cc(73)] ReadMemory at 0x17e7fd64300 of 64 bytes failed: Запрос ReadProcessMemory или WriteProcessMemory был выполнен только частично. (0x12B)
[1017/164339.537:ERROR:process_memory_win.cc(73)] ReadMemory at 0x17e7fd64350 of 132 bytes failed: Запрос ReadProcessMemory или WriteProcessMemory был выполнен только частично. (0x12B)
[1017/164339.537:ERROR:process_memory_win.cc(73)] ReadMemory at 0x17e7fd64760 of 132 bytes failed: Запрос ReadProcessMemory или WriteProcessMemory был выполнен только частично. (0x12B)
[1017/164339.537:ERROR:process_memory_win.cc(73)] ReadMemory at 0x17e7fd648f0 of 68 bytes failed: Запрос ReadProcessMemory или WriteProcessMemory был выполнен только частично. (0x12B)
[1017/164339.537:ERROR:process_memory_win.cc(73)] ReadMemory at 0x17e7fd69670 of 132 bytes failed: Запрос ReadProcessMemory или WriteProcessMemory был выполнен только частично. (0x12B)
[1017/164339.537:ERROR:process_memory_win.cc(73)] ReadMemory at 0x17e7fd697a0 of 154 bytes failed: Запрос ReadProcessMemory или WriteProcessMemory был выполнен только частично. (0x12B)
[1017/164339.537:ERROR:process_memory_win.cc(73)] ReadMemory at 0x17e7fd69de0 of 62 bytes failed: Запрос ReadProcessMemory или WriteProcessMemory был выполнен только частично. (0x12B)
[1017/164339.537:ERROR:process_memory_win.cc(73)] ReadMemory at 0x17e7fd69fc0 of 132 bytes failed: Запрос ReadProcessMemory или WriteProcessMemory был выполнен только частично. (0x12B)
[1017/164339.537:ERROR:process_memory_win.cc(73)] ReadMemory at 0x17e7fd6d1a0 of 132 bytes failed: Запрос ReadProcessMemory или WriteProcessMemory был выполнен только частично. (0x12B)
[1017/164339.537:ERROR:process_memory_win.cc(73)] ReadMemory at 0x17e7fd6d4b0 of 132 bytes failed: Запрос ReadProcessMemory или WriteProcessMemory был выполнен только частично. (0x12B)
[1017/164339.537:ERROR:process_memory_win.cc(73)] ReadMemory at 0x17e7fd6d5e0 of 158 bytes failed: Запрос ReadProcessMemory или WriteProcessMemory был выполнен только частично. (0x12B)
[1017/164339.537:ERROR:process_memory_win.cc(73)] ReadMemory at 0x17e7fd6df70 of 66 bytes failed: Запрос ReadProcessMemory или WriteProcessMemory был выполнен только частично. (0x12B)
[1017/164339.537:ERROR:process_memory_win.cc(73)] ReadMemory at 0x17e7fd6dfc0 of 64 bytes failed: Запрос ReadProcessMemory или WriteProcessMemory был выполнен только частично. (0x12B)
[1017/164339.537:ERROR:process_memory_win.cc(73)] ReadMemory at 0x17e7fd6e0b0 of 64 bytes failed: Запрос ReadProcessMemory или WriteProcessMemory был выполнен только частично. (0x12B)
[1017/164339.537:ERROR:process_memory_win.cc(73)] ReadMemory at 0x17e7fd6e100 of 62 bytes failed: Запрос ReadProcessMemory или WriteProcessMemory был выполнен только частично. (0x12B)
[1017/164339.537:ERROR:process_memory_win.cc(73)] ReadMemory at 0x17e7fd6e150 of 60 bytes failed: Запрос ReadProcessMemory или WriteProcessMemory был выполнен только частично. (0x12B)
[1017/164339.537:ERROR:process_memory_win.cc(73)] ReadMemory at 0x17e7fd6e1a0 of 60 bytes failed: Запрос ReadProcessMemory или WriteProcessMemory был выполнен только частично. (0x12B)
[1017/164339.537:ERROR:process_memory_win.cc(73)] ReadMemory at 0x17e7fd6e560 of 64 bytes failed: Запрос ReadProcessMemory или WriteProcessMemory был выполнен только частично. (0x12B)
[1017/164339.537:ERROR:process_memory_win.cc(73)] ReadMemory at 0x17e7fd6f32c of 512 bytes failed: Запрос ReadProcessMemory или WriteProcessMemory был выполнен только частично. (0x12B)
[1017/164339.537:ERROR:process_memory_win.cc(73)] ReadMemory at 0x17e7fd6fbb0 of 80 bytes failed: Запрос ReadProcessMemory или WriteProcessMemory был выполнен только частично. (0x12B)
[1017/164339.537:ERROR:process_memory_win.cc(73)] ReadMemory at 0x17e7fd71570 of 132 bytes failed: Запрос ReadProcessMemory или WriteProcessMemory был выполнен только частично. (0x12B)
[1017/164339.537:ERROR:process_memory_win.cc(73)] ReadMemory at 0x17e7fd716f0 of 132 bytes failed: Запрос ReadProcessMemory или WriteProcessMemory был выполнен только частично. (0x12B)
[1017/164339.537:ERROR:process_memory_win.cc(73)] ReadMemory at 0x17e7fd71820 of 132 bytes failed: Запрос ReadProcessMemory или WriteProcessMemory был выполнен только частично. (0x12B)
[1017/164339.537:ERROR:process_memory_win.cc(73)] ReadMemory at 0x17e7fd71950 of 132 bytes failed: Запрос ReadProcessMemory или WriteProcessMemory был выполнен только частично. (0x12B)
[1017/164339.537:ERROR:process_memory_win.cc(73)] ReadMemory at 0x17e7fd71a80 of 132 bytes failed: Запрос ReadProcessMemory или WriteProcessMemory был выполнен только частично. (0x12B)
[1017/164339.537:ERROR:process_memory_win.cc(73)] ReadMemory at 0x17e7fd71bb0 of 132 bytes failed: Запрос ReadProcessMemory или WriteProcessMemory был выполнен только частично. (0x12B)
[1017/164339.537:ERROR:process_memory_win.cc(73)] ReadMemory at 0x17e7fd71ce0 of 132 bytes failed: Запрос ReadProcessMemory или WriteProcessMemory был выполнен только частично. (0x12B)
[1017/164339.537:ERROR:process_memory_win.cc(73)] ReadMemory at 0x17e7fd71e10 of 132 bytes failed: Запрос ReadProcessMemory или WriteProcessMemory был выполнен только частично. (0x12B)
[1017/164339.538:ERROR:process_memory_win.cc(73)] ReadMemory at 0x17e7fd71f40 of 132 bytes failed: Запрос ReadProcessMemory или WriteProcessMemory был выполнен только частично. (0x12B)
[1017/164339.538:ERROR:process_memory_win.cc(73)] ReadMemory at 0x17e7fd72070 of 132 bytes failed: Запрос ReadProcessMemory или WriteProcessMemory был выполнен только частично. (0x12B)
[1017/164339.538:ERROR:process_memory_win.cc(73)] ReadMemory at 0x17e7fd721a0 of 132 bytes failed: Запрос ReadProcessMemory или WriteProcessMemory был выполнен только частично. (0x12B)
[1017/164339.538:ERROR:process_memory_win.cc(73)] ReadMemory at 0x17e7fd722d0 of 132 bytes failed: Запрос ReadProcessMemory или WriteProcessMemory был выполнен только частично. (0x12B)
[1017/164339.538:ERROR:process_memory_win.cc(73)] ReadMemory at 0x17e7fd72530 of 132 bytes failed: Запрос ReadProcessMemory или WriteProcessMemory был выполнен только частично. (0x12B)
[1017/164339.538:ERROR:process_memory_win.cc(73)] ReadMemory at 0x17e7fd72750 of 58 bytes failed: Запрос ReadProcessMemory или WriteProcessMemory был выполнен только частично. (0x12B)
[1017/164339.538:ERROR:process_memory_win.cc(73)] ReadMemory at 0x17e7fd727a0 of 60 bytes failed: Запрос ReadProcessMemory или WriteProcessMemory был выполнен только частично. (0x12B)
[1017/164339.538:ERROR:process_memory_win.cc(73)] ReadMemory at 0x17e7fd72840 of 62 bytes failed: Запрос ReadProcessMemory или WriteProcessMemory был выполнен только частично. (0x12B)
[1017/164339.538:ERROR:process_memory_win.cc(73)] ReadMemory at 0x17e7fd72980 of 60 bytes failed: Запрос ReadProcessMemory или WriteProcessMemory был выполнен только частично. (0x12B)
[1017/164339.538:ERROR:process_memory_win.cc(73)] ReadMemory at 0x17e7fd72ac0 of 60 bytes failed: Запрос ReadProcessMemory или WriteProcessMemory был выполнен только частично. (0x12B)
[1017/164339.538:ERROR:process_memory_win.cc(73)] ReadMemory at 0x17e7fd72b10 of 60 bytes failed: Запрос ReadProcessMemory или WriteProcessMemory был выполнен только частично. (0x12B)
[1017/164339.538:ERROR:process_memory_win.cc(73)] ReadMemory at 0x17e7fd72b60 of 64 bytes failed: Запрос ReadProcessMemory или WriteProcessMemory был выполнен только частично. (0x12B)
[1017/164339.538:ERROR:process_memory_win.cc(73)] ReadMemory at 0x17e7fd72c00 of 62 bytes failed: Запрос ReadProcessMemory или WriteProcessMemory был выполнен только частично. (0x12B)
[1017/164339.538:ERROR:process_memory_win.cc(73)] ReadMemory at 0x17e7fd72c50 of 58 bytes failed: Запрос ReadProcessMemory или WriteProcessMemory был выполнен только частично. (0x12B)
[1017/164339.538:ERROR:process_memory_win.cc(73)] ReadMemory at 0x17e7fd72ca0 of 66 bytes failed: Запрос ReadProcessMemory или WriteProcessMemory был выполнен только частично. (0x12B)
[1017/164339.538:ERROR:process_memory_win.cc(73)] ReadMemory at 0x17e7fd72cf0 of 62 bytes failed: Запрос ReadProcessMemory или WriteProcessMemory был выполнен только частично. (0x12B)
[1017/164339.538:ERROR:process_memory_win.cc(73)] ReadMemory at 0x17e7fd72d40 of 62 bytes failed: Запрос ReadProcessMemory или WriteProcessMemory был выполнен только частично. (0x12B)
[1017/164339.538:ERROR:process_memory_win.cc(73)] ReadMemory at 0x17e7fd72d90 of 64 bytes failed: Запрос ReadProcessMemory или WriteProcessMemory был выполнен только частично. (0x12B)
[1017/164339.538:ERROR:process_memory_win.cc(73)] ReadMemory at 0x17e7fd72e30 of 60 bytes failed: Запрос ReadProcessMemory или WriteProcessMemory был выполнен только частично. (0x12B)
[1017/164339.538:ERROR:process_memory_win.cc(73)] ReadMemory at 0x17e7fd72e80 of 64 bytes failed: Запрос ReadProcessMemory или WriteProcessMemory был выполнен только частично. (0x12B)
[1017/164339.538:ERROR:process_memory_win.cc(73)] ReadMemory at 0x17e7fd72ed0 of 58 bytes failed: Запрос ReadProcessMemory или WriteProcessMemory был выполнен только частично. (0x12B)
[1017/164339.538:ERROR:process_memory_win.cc(73)] ReadMemory at 0x17e7fd72f20 of 64 bytes failed: Запрос ReadProcessMemory или WriteProcessMemory был выполнен только частично. (0x12B)
[1017/164339.539:ERROR:process_memory_win.cc(73)] ReadMemory at 0x17e7fd73010 of 62 bytes failed: Запрос ReadProcessMemory или WriteProcessMemory был выполнен только частично. (0x12B)
[1017/164339.539:ERROR:process_memory_win.cc(73)] ReadMemory at 0x17e7fd73060 of 62 bytes failed: Запрос ReadProcessMemory или WriteProcessMemory был выполнен только частично. (0x12B)
[1017/164339.539:ERROR:process_memory_win.cc(73)] ReadMemory at 0x17e7fd73100 of 60 bytes failed: Запрос ReadProcessMemory или WriteProcessMemory был выполнен только частично. (0x12B)
[1017/164339.539:ERROR:process_memory_win.cc(73)] ReadMemory at 0x17e7fd73150 of 66 bytes failed: Запрос ReadProcessMemory или WriteProcessMemory был выполнен только частично. (0x12B)
[1017/164339.539:ERROR:process_memory_win.cc(73)] ReadMemory at 0x17e7fd731a0 of 62 bytes failed: Запрос ReadProcessMemory или WriteProcessMemory был выполнен только частично. (0x12B)
[1017/164339.539:ERROR:process_memory_win.cc(73)] ReadMemory at 0x17e7fd732e0 of 62 bytes failed: Запрос ReadProcessMemory или WriteProcessMemory был выполнен только частично. (0x12B)
[1017/164339.539:ERROR:process_memory_win.cc(73)] ReadMemory at 0x17e7fd73330 of 64 bytes failed: Запрос ReadProcessMemory или WriteProcessMemory был выполнен только частично. (0x12B)
[1017/164339.539:ERROR:process_memory_win.cc(73)] ReadMemory at 0x17e7fd73380 of 60 bytes failed: Запрос ReadProcessMemory или WriteProcessMemory был выполнен только частично. (0x12B)
[1017/164339.539:ERROR:process_memory_win.cc(73)] ReadMemory at 0x17e7fd733d0 of 62 bytes failed: Запрос ReadProcessMemory или WriteProcessMemory был выполнен только частично. (0x12B)
[1017/164339.539:ERROR:process_memory_win.cc(73)] ReadMemory at 0x17e7fd74280 of 54 bytes failed: Запрос ReadProcessMemory или WriteProcessMemory был выполнен только частично. (0x12B)
[1017/164339.539:ERROR:process_memory_win.cc(73)] ReadMemory at 0x17e7fd753c0 of 132 bytes failed: Запрос ReadProcessMemory или WriteProcessMemory был выполнен только частично. (0x12B)
[1017/164339.539:ERROR:process_memory_win.cc(73)] ReadMemory at 0x17e7fd760b0 of 132 bytes failed: Запрос ReadProcessMemory или WriteProcessMemory был выполнен только частично. (0x12B)
[1017/164339.539:ERROR:process_memory_win.cc(73)] ReadMemory at 0x17e7fd76410 of 132 bytes failed: Запрос ReadProcessMemory или WriteProcessMemory был выполнен только частично. (0x12B)
[1017/164339.539:ERROR:process_memory_win.cc(73)] ReadMemory at 0x17e7fd77da0 of 132 bytes failed: Запрос ReadProcessMemory или WriteProcessMemory был выполнен только частично. (0x12B)
[1017/164339.539:ERROR:process_memory_win.cc(73)] ReadMemory at 0x17e7fd7a710 of 76 bytes failed: Запрос ReadProcessMemory или WriteProcessMemory был выполнен только частично. (0x12B)
[1017/164339.539:ERROR:process_memory_win.cc(73)] ReadMemory at 0x17e7fd7ab30 of 78 bytes failed: Запрос ReadProcessMemory или WriteProcessMemory был выполнен только частично. (0x12B)
[1017/164339.539:ERROR:process_memory_win.cc(73)] ReadMemory at 0x17e7fd7bad0 of 132 bytes failed: Запрос ReadProcessMemory или WriteProcessMemory был выполнен только частично. (0x12B)
[1017/164339.539:ERROR:process_memory_win.cc(73)] ReadMemory at 0x17e7fd7bc00 of 132 bytes failed: Запрос ReadProcessMemory или WriteProcessMemory был выполнен только частично. (0x12B)
[1017/164339.539:ERROR:process_memory_win.cc(73)] ReadMemory at 0x17e7fd7bd30 of 132 bytes failed: Запрос ReadProcessMemory или WriteProcessMemory был выполнен только частично. (0x12B)
[1017/164339.539:ERROR:process_memory_win.cc(73)] ReadMemory at 0x17e7fd7be60 of 132 bytes failed: Запрос ReadProcessMemory или WriteProcessMemory был выполнен только частично. (0x12B)
[1017/164339.539:ERROR:process_memory_win.cc(73)] ReadMemory at 0x17e7fd7bf90 of 132 bytes failed: Запрос ReadProcessMemory или WriteProcessMemory был выполнен только частично. (0x12B)
[1017/164339.539:ERROR:process_memory_win.cc(73)] ReadMemory at 0x17e7fd7c1f0 of 132 bytes failed: Запрос ReadProcessMemory или WriteProcessMemory был выполнен только частично. (0x12B)
[1017/164339.539:ERROR:process_memory_win.cc(73)] ReadMemory at 0x17e7fd7c320 of 132 bytes failed: Запрос ReadProcessMemory или WriteProcessMemory был выполнен только частично. (0x12B)
[1017/164339.540:ERROR:process_memory_win.cc(73)] ReadMemory at 0x17e7fd7c450 of 132 bytes failed: Запрос ReadProcessMemory или WriteProcessMemory был выполнен только частично. (0x12B)
[1017/164339.540:ERROR:process_memory_win.cc(73)] ReadMemory at 0x17e7fd7c580 of 132 bytes failed: Запрос ReadProcessMemory или WriteProcessMemory был выполнен только частично. (0x12B)
[1017/164339.540:ERROR:process_memory_win.cc(73)] ReadMemory at 0x17e7fd7c6b0 of 132 bytes failed: Запрос ReadProcessMemory или WriteProcessMemory был выполнен только частично. (0x12B)
[1017/164339.540:ERROR:process_memory_win.cc(73)] ReadMemory at 0x17e7fd7c7e0 of 132 bytes failed: Запрос ReadProcessMemory или WriteProcessMemory был выполнен только частично. (0x12B)
[1017/164339.540:ERROR:process_memory_win.cc(73)] ReadMemory at 0x17e7fd7c910 of 132 bytes failed: Запрос ReadProcessMemory или WriteProcessMemory был выполнен только частично. (0x12B)
[1017/164339.540:ERROR:process_memory_win.cc(73)] ReadMemory at 0x17e7fd7ca40 of 132 bytes failed: Запрос ReadProcessMemory или WriteProcessMemory был выполнен только частично. (0x12B)
[1017/164339.540:ERROR:process_memory_win.cc(73)] ReadMemory at 0x17e7fd7cb70 of 132 bytes failed: Запрос ReadProcessMemory или WriteProcessMemory был выполнен только частично. (0x12B)
[1017/164339.540:ERROR:process_memory_win.cc(73)] ReadMemory at 0x17e7fd7cdd0 of 132 bytes failed: Запрос ReadProcessMemory или WriteProcessMemory был выполнен только частично. (0x12B)
[1017/164339.540:ERROR:process_memory_win.cc(73)] ReadMemory at 0x17e7fd7cf00 of 132 bytes failed: Запрос ReadProcessMemory или WriteProcessMemory был выполнен только частично. (0x12B)
[1017/164339.540:ERROR:process_memory_win.cc(73)] ReadMemory at 0x17e7fd7d030 of 132 bytes failed: Запрос ReadProcessMemory или WriteProcessMemory был выполнен только частично. (0x12B)
[1017/164339.540:ERROR:process_memory_win.cc(73)] ReadMemory at 0x17e7fd7d160 of 132 bytes failed: Запрос ReadProcessMemory или WriteProcessMemory был выполнен только частично. (0x12B)
[1017/164339.540:ERROR:process_memory_win.cc(73)] ReadMemory at 0x17e7fd7d290 of 132 bytes failed: Запрос ReadProcessMemory или WriteProcessMemory был выполнен только частично. (0x12B)
[1017/164339.540:ERROR:process_memory_win.cc(73)] ReadMemory at 0x17e7fd7d3c0 of 132 bytes failed: Запрос ReadProcessMemory или WriteProcessMemory был выполнен только частично. (0x12B)
[1017/164339.540:ERROR:process_memory_win.cc(73)] ReadMemory at 0x17e7fd7d4f0 of 132 bytes failed: Запрос ReadProcessMemory или WriteProcessMemory был выполнен только частично. (0x12B)
[1017/164339.540:ERROR:process_memory_win.cc(73)] ReadMemory at 0x17e7fd7d620 of 132 bytes failed: Запрос ReadProcessMemory или WriteProcessMemory был выполнен только частично. (0x12B)
[1017/164339.540:ERROR:process_memory_win.cc(73)] ReadMemory at 0x17e7fd88a10 of 58 bytes failed: Запрос ReadProcessMemory или WriteProcessMemory был выполнен только частично. (0x12B)
[1017/164339.540:ERROR:process_memory_win.cc(73)] ReadMemory at 0x17e7fd88f60 of 62 bytes failed: Запрос ReadProcessMemory или WriteProcessMemory был выполнен только частично. (0x12B)
[1017/164339.540:ERROR:process_memory_win.cc(73)] ReadMemory at 0x17e7fd89000 of 64 bytes failed: Запрос ReadProcessMemory или WriteProcessMemory был выполнен только частично. (0x12B)
[1017/164339.540:ERROR:process_memory_win.cc(73)] ReadMemory at 0x17e7fd89050 of 62 bytes failed: Запрос ReadProcessMemory или WriteProcessMemory был выполнен только частично. (0x12B)
[1017/164339.540:ERROR:process_memory_win.cc(73)] ReadMemory at 0x17e7fd89690 of 62 bytes failed: Запрос ReadProcessMemory или WriteProcessMemory был выполнен только частично. (0x12B)
[1017/164339.540:ERROR:process_memory_win.cc(73)] ReadMemory at 0x24ca91617f98 of 512 bytes failed: Запрос ReadProcessMemory или WriteProcessMemory был выполнен только частично. (0x12B)
[1017/164339.540:ERROR:process_memory_win.cc(73)] ReadMemory at 0x7ffe71342f8b of 512 bytes failed: Запрос ReadProcessMemory или WriteProcessMemory был выполнен только частично. (0x12B)
[1017/164339.541:ERROR:process_memory_win.cc(73)] ReadMemory at 0x7ffec2ba90a9 of 512 bytes failed: Запрос ReadProcessMemory или WriteProcessMemory был выполнен только частично. (0x12B)
[1017/164339.541:ERROR:process_memory_win.cc(73)] ReadMemory at 0x7ffec65021f0 of 512 bytes failed: Запрос ReadProcessMemory или WriteProcessMemory был выполнен только частично. (0x12B)
[1017/164339.541:ERROR:process_memory_win.cc(73)] ReadMemory at 0x7ffec6a3f764 of 512 bytes failed: Запрос ReadProcessMemory или WriteProcessMemory был выполнен только частично. (0x12B)
[1017/164339.541:ERROR:process_memory_win.cc(73)] ReadMemory at 0x7ffec6a3fd64 of 512 bytes failed: Запрос ReadProcessMemory или WriteProcessMemory был выполнен только частично. (0x12B)
[1017/164339.541:ERROR:process_memory_win.cc(73)] ReadMemory at 0x7ffec6acc0c8 of 18 bytes failed: Запрос ReadProcessMemory или WriteProcessMemory был выполнен только частично. (0x12B)
[1017/164339.541:ERROR:process_memory_win.cc(73)] ReadMemory at 0x7ffec6aff4f8 of 40 bytes failed: Запрос ReadProcessMemory или WriteProcessMemory был выполнен только частично. (0x12B)
[1017/164339.541:ERROR:process_memory_win.cc(73)] ReadMemory at 0x7ffec6aff978 of 48 bytes failed: Запрос ReadProcessMemory или WriteProcessMemory был выполнен только частично. (0x12B)
[1017/164339.541:ERROR:process_memory_win.cc(73)] ReadMemory at 0x7ffec6b053a0 of 64 bytes failed: Запрос ReadProcessMemory или WriteProcessMemory был выполнен только частично. (0x12B)
[1017/164339.542:ERROR:scoped_process_suspend.cc(40)] NtResumeProcess: Попытка доступа к процессу, выполняющему процедуру завершения. (0xc000010a)
